2020-06-30 11:13:05.544 [main] DEBUG com.bytetube.BtappApplication -     Running with Spring Boot v2.1.6.RELEASE, Spring v5.1.8.RELEASE
2020-06-30 11:33:53.849 [main] DEBUG com.bytetube.dao.AwardDaoTest -     Running with Spring Boot v2.1.6.RELEASE, Spring v5.1.8.RELEASE
2020-06-30 11:39:59.883 [main] DEBUG com.bytetube.dao.AwardDaoTest -     Running with Spring Boot v2.1.6.RELEASE, Spring v5.1.8.RELEASE
2020-06-30 11:41:05.365 [main] DEBUG com.bytetube.dao.AwardDaoTest -     Running with Spring Boot v2.1.6.RELEASE, Spring v5.1.8.RELEASE
2020-06-30 11:54:22.589 [main] DEBUG com.bytetube.dao.UserAwardMapDaoTest -     Running with Spring Boot v2.1.6.RELEASE, Spring v5.1.8.RELEASE
2020-06-30 11:54:56.622 [main] DEBUG com.bytetube.dao.UserAwardMapDaoTest -     Running with Spring Boot v2.1.6.RELEASE, Spring v5.1.8.RELEASE
2020-06-30 12:02:26.443 [main] DEBUG com.bytetube.dao.UserAwardMapDaoTest -     Running with Spring Boot v2.1.6.RELEASE, Spring v5.1.8.RELEASE
2020-06-30 12:04:04.796 [main] DEBUG com.bytetube.dao.UserAwardMapDaoTest -     Running with Spring Boot v2.1.6.RELEASE, Spring v5.1.8.RELEASE
2020-06-30 12:06:48.124 [main] DEBUG com.bytetube.dao.UserAwardMapDaoTest -     Running with Spring Boot v2.1.6.RELEASE, Spring v5.1.8.RELEASE
2020-06-30 12:08:57.505 [main] DEBUG com.bytetube.dao.UserAwardMapDaoTest -     Running with Spring Boot v2.1.6.RELEASE, Spring v5.1.8.RELEASE
2020-06-30 12:10:02.076 [main] DEBUG com.bytetube.dao.UserAwardMapDaoTest -     Running with Spring Boot v2.1.6.RELEASE, Spring v5.1.8.RELEASE
2020-06-30 12:11:15.371 [main] DEBUG com.bytetube.dao.UserAwardMapDaoTest -     Running with Spring Boot v2.1.6.RELEASE, Spring v5.1.8.RELEASE
2020-06-30 12:11:51.473 [main] DEBUG com.bytetube.dao.UserAwardMapDaoTest -     Running with Spring Boot v2.1.6.RELEASE, Spring v5.1.8.RELEASE
2020-06-30 12:13:38.185 [main] DEBUG com.bytetube.dao.UserAwardMapDaoTest -     Running with Spring Boot v2.1.6.RELEASE, Spring v5.1.8.RELEASE
2020-06-30 12:14:02.324 [main] DEBUG com.bytetube.dao.UserAwardMapDaoTest -     Running with Spring Boot v2.1.6.RELEASE, Spring v5.1.8.RELEASE
2020-06-30 12:18:51.756 [main] DEBUG com.bytetube.dao.UserProductMapDaoTest -     Running with Spring Boot v2.1.6.RELEASE, Spring v5.1.8.RELEASE
2020-06-30 12:22:18.889 [main] DEBUG com.bytetube.dao.UserProductMapDaoTest -     Running with Spring Boot v2.1.6.RELEASE, Spring v5.1.8.RELEASE
2020-06-30 12:26:18.456 [main] DEBUG com.bytetube.dao.UserProductMapDaoTest -     Running with Spring Boot v2.1.6.RELEASE, Spring v5.1.8.RELEASE
2020-06-30 12:26:38.236 [main] DEBUG com.bytetube.dao.UserProductMapDaoTest -     Running with Spring Boot v2.1.6.RELEASE, Spring v5.1.8.RELEASE
2020-06-30 12:26:53.240 [main] DEBUG com.bytetube.dao.UserProductMapDaoTest -     Running with Spring Boot v2.1.6.RELEASE, Spring v5.1.8.RELEASE
2020-06-30 12:28:09.344 [main] DEBUG com.bytetube.dao.UserProductMapDaoTest -     Running with Spring Boot v2.1.6.RELEASE, Spring v5.1.8.RELEASE
2020-06-30 12:28:34.197 [main] DEBUG com.bytetube.dao.UserProductMapDaoTest -     Running with Spring Boot v2.1.6.RELEASE, Spring v5.1.8.RELEASE
2020-06-30 12:29:46.515 [main] DEBUG com.bytetube.dao.UserAwardMapDaoTest -     Running with Spring Boot v2.1.6.RELEASE, Spring v5.1.8.RELEASE
2020-06-30 12:30:09.507 [main] DEBUG com.bytetube.dao.UserAwardMapDaoTest -     Running with Spring Boot v2.1.6.RELEASE, Spring v5.1.8.RELEASE
2020-06-30 12:30:22.844 [main] DEBUG com.bytetube.dao.UserAwardMapDaoTest -     Running with Spring Boot v2.1.6.RELEASE, Spring v5.1.8.RELEASE
2020-06-30 14:05:29.906 [main] DEBUG com.bytetube.dao.ProductSellDailyDaoTest -     Running with Spring Boot v2.1.6.RELEASE, Spring v5.1.8.RELEASE
2020-06-30 14:06:55.762 [main] DEBUG com.bytetube.dao.ProductSellDailyDaoTest -     Running with Spring Boot v2.1.6.RELEASE, Spring v5.1.8.RELEASE
2020-06-30 14:08:00.091 [main] DEBUG com.bytetube.dao.ProductSellDailyDaoTest -     Running with Spring Boot v2.1.6.RELEASE, Spring v5.1.8.RELEASE
2020-06-30 14:23:52.575 [main] DEBUG com.bytetube.dao.ProductSellDailyDaoTest -     Running with Spring Boot v2.1.6.RELEASE, Spring v5.1.8.RELEASE
2020-06-30 14:35:47.305 [main] DEBUG com.bytetube.dao.ProductSellDailyDaoTest -     Running with Spring Boot v2.1.6.RELEASE, Spring v5.1.8.RELEASE
2020-06-30 14:38:16.976 [main] DEBUG com.bytetube.dao.ProductSellDailyDaoTest -     Running with Spring Boot v2.1.6.RELEASE, Spring v5.1.8.RELEASE
2020-06-30 14:40:37.886 [main] DEBUG com.bytetube.dao.ProductSellDailyDaoTest -     Running with Spring Boot v2.1.6.RELEASE, Spring v5.1.8.RELEASE
2020-06-30 14:50:22.325 [main] DEBUG com.bytetube.dao.ProductSellDailyDaoTest -     Running with Spring Boot v2.1.6.RELEASE, Spring v5.1.8.RELEASE
2020-06-30 14:50:46.772 [main] DEBUG com.bytetube.dao.ProductSellDailyDaoTest -     Running with Spring Boot v2.1.6.RELEASE, Spring v5.1.8.RELEASE
2020-06-30 14:57:31.371 [main] DEBUG com.bytetube.dao.ProductSellDailyDaoTest -     Running with Spring Boot v2.1.6.RELEASE, Spring v5.1.8.RELEASE
2020-06-30 15:00:08.756 [main] DEBUG com.bytetube.dao.ProductSellDailyDaoTest -     Running with Spring Boot v2.1.6.RELEASE, Spring v5.1.8.RELEASE
2020-06-30 15:08:48.847 [main] DEBUG com.bytetube.dao.UserShopMapDaoTest -     Running with Spring Boot v2.1.6.RELEASE, Spring v5.1.8.RELEASE
2020-06-30 15:10:02.745 [main] DEBUG com.bytetube.dao.UserShopMapDaoTest -     Running with Spring Boot v2.1.6.RELEASE, Spring v5.1.8.RELEASE
2020-06-30 15:10:14.561 [main] DEBUG com.bytetube.dao.UserShopMapDaoTest -     Running with Spring Boot v2.1.6.RELEASE, Spring v5.1.8.RELEASE
2020-06-30 15:10:39.868 [main] DEBUG com.bytetube.dao.UserShopMapDaoTest -     Running with Spring Boot v2.1.6.RELEASE, Spring v5.1.8.RELEASE
2020-06-30 15:15:09.712 [main] DEBUG com.bytetube.dao.ShopAuthMapDaoTest -     Running with Spring Boot v2.1.6.RELEASE, Spring v5.1.8.RELEASE
2020-06-30 15:21:51.185 [main] DEBUG com.bytetube.BtappApplication -     Running with Spring Boot v2.1.6.RELEASE, Spring v5.1.8.RELEASE
2020-06-30 16:06:48.459 [main] DEBUG com.bytetube.BtappApplication -     Running with Spring Boot v2.1.6.RELEASE, Spring v5.1.8.RELEASE
2020-06-30 17:08:16.541 [main] DEBUG com.bytetube.BtappApplication -     Running with Spring Boot v2.1.6.RELEASE, Spring v5.1.8.RELEASE
2020-06-30 17:09:58.147 [main] DEBUG com.bytetube.BtappApplication -     Running with Spring Boot v2.1.6.RELEASE, Spring v5.1.8.RELEASE
2020-06-30 17:16:12.218 [main] DEBUG com.bytetube.BtappApplication -     Running with Spring Boot v2.1.6.RELEASE, Spring v5.1.8.RELEASE
2020-06-30 17:45:18.665 [main] DEBUG com.bytetube.dao.AreaDaoTest -     Running with Spring Boot v2.1.6.RELEASE, Spring v5.1.8.RELEASE
2020-06-30 17:46:51.202 [main] DEBUG com.bytetube.dao.UserShopMapDaoTest -     Running with Spring Boot v2.1.6.RELEASE, Spring v5.1.8.RELEASE
2020-06-30 17:47:14.632 [main] DEBUG com.bytetube.dao.AreaDaoTest -     Running with Spring Boot v2.1.6.RELEASE, Spring v5.1.8.RELEASE
2020-06-30 17:47:56.872 [main] DEBUG com.bytetube.dao.AreaDaoTest -     Running with Spring Boot v2.1.6.RELEASE, Spring v5.1.8.RELEASE
2020-06-30 17:51:08.000 [main] DEBUG com.bytetube.dao.AreaDaoTest -     Running with Spring Boot v2.1.6.RELEASE, Spring v5.1.8.RELEASE
2020-06-30 17:57:47.878 [main] DEBUG com.bytetube.BtappApplication -     Running with Spring Boot v2.1.6.RELEASE, Spring v5.1.8.RELEASE
2020-06-30 19:08:03.553 [main] DEBUG com.bytetube.BtappApplication -     Running with Spring Boot v2.1.6.RELEASE, Spring v5.1.8.RELEASE
2020-06-30 19:27:20.199 [main] DEBUG com.bytetube.dao.AwardDaoTest -     Running with Spring Boot v2.1.6.RELEASE, Spring v5.1.8.RELEASE
2020-06-30 19:28:02.113 [main] DEBUG com.bytetube.dao.AwardDaoTest -     Running with Spring Boot v2.1.6.RELEASE, Spring v5.1.8.RELEASE
2020-06-30 19:28:29.496 [main] DEBUG com.bytetube.dao.AwardDaoTest -     Running with Spring Boot v2.1.6.RELEASE, Spring v5.1.8.RELEASE
2020-06-30 19:28:50.374 [main] DEBUG com.bytetube.dao.AwardDaoTest -     Running with Spring Boot v2.1.6.RELEASE, Spring v5.1.8.RELEASE
2020-06-30 19:29:15.490 [main] DEBUG com.bytetube.dao.AwardDaoTest -     Running with Spring Boot v2.1.6.RELEASE, Spring v5.1.8.RELEASE
2020-06-30 19:45:43.991 [main] DEBUG com.bytetube.dao.UserAwardMapDaoTest -     Running with Spring Boot v2.1.6.RELEASE, Spring v5.1.8.RELEASE
2020-06-30 19:46:17.636 [main] DEBUG com.bytetube.dao.UserAwardMapDaoTest -     Running with Spring Boot v2.1.6.RELEASE, Spring v5.1.8.RELEASE
2020-06-30 19:47:15.580 [main] DEBUG com.bytetube.dao.UserAwardMapDaoTest -     Running with Spring Boot v2.1.6.RELEASE, Spring v5.1.8.RELEASE
2020-06-30 19:48:14.287 [main] DEBUG com.bytetube.dao.UserAwardMapDaoTest -     Running with Spring Boot v2.1.6.RELEASE, Spring v5.1.8.RELEASE
2020-06-30 19:49:07.498 [main] DEBUG com.bytetube.dao.UserAwardMapDaoTest -     Running with Spring Boot v2.1.6.RELEASE, Spring v5.1.8.RELEASE
2020-06-30 19:49:37.515 [main] DEBUG com.bytetube.dao.UserAwardMapDaoTest -     Running with Spring Boot v2.1.6.RELEASE, Spring v5.1.8.RELEASE
2020-06-30 19:57:21.097 [main] DEBUG com.bytetube.dao.UserProductMapDaoTest -     Running with Spring Boot v2.1.6.RELEASE, Spring v5.1.8.RELEASE
2020-06-30 19:59:38.292 [main] DEBUG com.bytetube.dao.UserProductMapDaoTest -     Running with Spring Boot v2.1.6.RELEASE, Spring v5.1.8.RELEASE
2020-06-30 20:45:06.508 [main] DEBUG com.bytetube.dao.UserProductMapDaoTest -     Running with Spring Boot v2.1.6.RELEASE, Spring v5.1.8.RELEASE
2020-06-30 20:45:12.806 [main] DEBUG com.bytetube.BtappApplication -     Running with Spring Boot v2.1.6.RELEASE, Spring v5.1.8.RELEASE
